<?xml version="1.0" encoding="UTF-8" ?>
<testsuite tests="1" failures="0" name="TestSuite" time="0.755" errors="0" skipped="0">
  <properties>
    <property name="java.runtime.name" value="Java(TM) SE Runtime Environment"/>
    <property name="sun.boot.library.path" value="/Library/Java/JavaVirtualMachines/jdk1.8.0_102.jdk/Contents/Home/jre/lib"/>
    <property name="java.vm.version" value="25.102-b14"/>
    <property name="gopherProxySet" value="false"/>
    <property name="java.vm.vendor" value="Oracle Corporation"/>
    <property name="java.vendor.url" value="http://java.oracle.com/"/>
    <property name="path.separator" value=":"/>
    <property name="java.vm.name" value="Java HotSpot(TM) 64-Bit Server VM"/>
    <property name="file.encoding.pkg" value="sun.io"/>
    <property name="user.country" value="CN"/>
    <property name="sun.java.launcher" value="SUN_STANDARD"/>
    <property name="sun.os.patch.level" value="unknown"/>
    <property name="java.vm.specification.name" value="Java Virtual Machine Specification"/>
    <property name="user.dir" value="/Volumes/HD2/server_code/ReportNG-example/config/target"/>
    <property name="java.runtime.version" value="1.8.0_102-b14"/>
    <property name="java.awt.graphicsenv" value="sun.awt.CGraphicsEnvironment"/>
    <property name="basedir" value="/Volumes/HD2/server_code/ReportNG-example/config"/>
    <property name="java.endorsed.dirs" value="/Library/Java/JavaVirtualMachines/jdk1.8.0_102.jdk/Contents/Home/jre/lib/endorsed"/>
    <property name="os.arch" value="x86_64"/>
    <property name="surefire.real.class.path" value="/var/folders/9t/9qtx22g15539zcv4cwptz2yh0000gn/T/surefirebooter3542177368331274916.jar"/>
    <property name="java.io.tmpdir" value="/var/folders/9t/9qtx22g15539zcv4cwptz2yh0000gn/T/"/>
    <property name="line.separator" value="
"/>
    <property name="java.vm.specification.vendor" value="Oracle Corporation"/>
    <property name="os.name" value="Mac OS X"/>
    <property name="sun.jnu.encoding" value="UTF-8"/>
    <property name="java.library.path" value="/Users/baixf/Library/Java/Extensions:/Library/Java/Extensions:/Network/Library/Java/Extensions:/System/Library/Java/Extensions:/usr/lib/java:."/>
    <property name="surefire.test.class.path" value="/Volumes/HD2/server_code/ReportNG-example/config/target/test-classes:/Volumes/HD2/server_code/ReportNG-example/config/target/classes:/Users/baixf/.m2/repository/org/springframework/spring-test/4.1.6.RELEASE/spring-test-4.1.6.RELEASE.jar:/Users/baixf/.m2/repository/org/springframework/spring-core/4.1.6.RELEASE/spring-core-4.1.6.RELEASE.jar:/Users/baixf/.m2/repository/commons-logging/commons-logging/1.2/commons-logging-1.2.jar:/Users/baixf/.m2/repository/org/springframework/spring-web/4.1.6.RELEASE/spring-web-4.1.6.RELEASE.jar:/Users/baixf/.m2/repository/org/springframework/spring-beans/4.1.6.RELEASE/spring-beans-4.1.6.RELEASE.jar:/Users/baixf/.m2/repository/org/springframework/spring-context/4.1.6.RELEASE/spring-context-4.1.6.RELEASE.jar:/Users/baixf/.m2/repository/org/springframework/spring-aop/4.1.6.RELEASE/spring-aop-4.1.6.RELEASE.jar:/Users/baixf/.m2/repository/aopalliance/aopalliance/1.0/aopalliance-1.0.jar:/Users/baixf/.m2/repository/org/springframework/spring-aspects/4.1.6.RELEASE/spring-aspects-4.1.6.RELEASE.jar:/Users/baixf/.m2/repository/org/aspectj/aspectjweaver/1.8.5/aspectjweaver-1.8.5.jar:/Users/baixf/.m2/repository/org/springframework/spring-webmvc/4.1.6.RELEASE/spring-webmvc-4.1.6.RELEASE.jar:/Users/baixf/.m2/repository/org/springframework/spring-expression/4.1.6.RELEASE/spring-expression-4.1.6.RELEASE.jar:/Users/baixf/.m2/repository/org/springframework/spring-context-support/4.1.6.RELEASE/spring-context-support-4.1.6.RELEASE.jar:/Users/baixf/.m2/repository/org/springframework/spring-tx/4.1.6.RELEASE/spring-tx-4.1.6.RELEASE.jar:/Users/baixf/.m2/repository/org/springframework/spring-jdbc/4.1.6.RELEASE/spring-jdbc-4.1.6.RELEASE.jar:/Users/baixf/.m2/repository/junit/junit/4.12/junit-4.12.jar:/Users/baixf/.m2/repository/org/hamcrest/hamcrest-core/1.3/hamcrest-core-1.3.jar:/Users/baixf/.m2/repository/org/seleniumhq/selenium/selenium-java/2.37.1/selenium-java-2.37.1.jar:/Users/baixf/.m2/repository/org/seleniumhq/selenium/selenium-android-driver/2.37.1/selenium-android-driver-2.37.1.jar:/Users/baixf/.m2/repository/org/seleniumhq/selenium/selenium-remote-driver/2.37.1/selenium-remote-driver-2.37.1.jar:/Users/baixf/.m2/repository/cglib/cglib-nodep/2.1_3/cglib-nodep-2.1_3.jar:/Users/baixf/.m2/repository/org/json/json/20080701/json-20080701.jar:/Users/baixf/.m2/repository/com/google/guava/guava/15.0/guava-15.0.jar:/Users/baixf/.m2/repository/org/seleniumhq/selenium/selenium-chrome-driver/2.37.1/selenium-chrome-driver-2.37.1.jar:/Users/baixf/.m2/repository/org/seleniumhq/selenium/selenium-htmlunit-driver/2.37.1/selenium-htmlunit-driver-2.37.1.jar:/Users/baixf/.m2/repository/net/sourceforge/htmlunit/htmlunit/2.13/htmlunit-2.13.jar:/Users/baixf/.m2/repository/xalan/xalan/2.7.1/xalan-2.7.1.jar:/Users/baixf/.m2/repository/xalan/serializer/2.7.1/serializer-2.7.1.jar:/Users/baixf/.m2/repository/commons-collections/commons-collections/3.2.1/commons-collections-3.2.1.jar:/Users/baixf/.m2/repository/org/apache/commons/commons-lang3/3.1/commons-lang3-3.1.jar:/Users/baixf/.m2/repository/org/apache/httpcomponents/httpmime/4.3.1/httpmime-4.3.1.jar:/Users/baixf/.m2/repository/commons-codec/commons-codec/1.8/commons-codec-1.8.jar:/Users/baixf/.m2/repository/net/sourceforge/htmlunit/htmlunit-core-js/2.13/htmlunit-core-js-2.13.jar:/Users/baixf/.m2/repository/xerces/xercesImpl/2.11.0/xercesImpl-2.11.0.jar:/Users/baixf/.m2/repository/xml-apis/xml-apis/1.4.01/xml-apis-1.4.01.jar:/Users/baixf/.m2/repository/net/sourceforge/nekohtml/nekohtml/1.9.19/nekohtml-1.9.19.jar:/Users/baixf/.m2/repository/net/sourceforge/cssparser/cssparser/0.9.11/cssparser-0.9.11.jar:/Users/baixf/.m2/repository/org/w3c/css/sac/1.3/sac-1.3.jar:/Users/baixf/.m2/repository/org/eclipse/jetty/jetty-websocket/8.1.12.v20130726/jetty-websocket-8.1.12.v20130726.jar:/Users/baixf/.m2/repository/org/eclipse/jetty/jetty-util/8.1.12.v20130726/jetty-util-8.1.12.v20130726.jar:/Users/baixf/.m2/repository/org/eclipse/jetty/jetty-io/8.1.12.v20130726/jetty-io-8.1.12.v20130726.jar:/Users/baixf/.m2/repository/org/eclipse/jetty/jetty-http/8.1.12.v20130726/jetty-http-8.1.12.v20130726.jar:/Users/baixf/.m2/repository/org/apache/httpcomponents/httpclient/4.3/httpclient-4.3.jar:/Users/baixf/.m2/repository/org/apache/httpcomponents/httpcore/4.3/httpcore-4.3.jar:/Users/baixf/.m2/repository/org/seleniumhq/selenium/selenium-firefox-driver/2.37.1/selenium-firefox-driver-2.37.1.jar:/Users/baixf/.m2/repository/commons-io/commons-io/2.2/commons-io-2.2.jar:/Users/baixf/.m2/repository/org/apache/commons/commons-exec/1.1/commons-exec-1.1.jar:/Users/baixf/.m2/repository/org/seleniumhq/selenium/selenium-ie-driver/2.37.1/selenium-ie-driver-2.37.1.jar:/Users/baixf/.m2/repository/net/java/dev/jna/jna/3.4.0/jna-3.4.0.jar:/Users/baixf/.m2/repository/net/java/dev/jna/platform/3.4.0/platform-3.4.0.jar:/Users/baixf/.m2/repository/org/seleniumhq/selenium/selenium-iphone-driver/2.37.1/selenium-iphone-driver-2.37.1.jar:/Users/baixf/.m2/repository/org/seleniumhq/selenium/selenium-safari-driver/2.37.1/selenium-safari-driver-2.37.1.jar:/Users/baixf/.m2/repository/org/seleniumhq/selenium/selenium-support/2.37.1/selenium-support-2.37.1.jar:/Users/baixf/.m2/repository/org/seleniumhq/selenium/selenium-api/2.37.1/selenium-api-2.37.1.jar:/Users/baixf/.m2/repository/org/webbitserver/webbit/0.4.14/webbit-0.4.14.jar:/Users/baixf/.m2/repository/io/netty/netty/3.5.2.Final/netty-3.5.2.Final.jar:/Users/baixf/.m2/repository/org/testng/testng/6.3.1/testng-6.3.1.jar:/Users/baixf/.m2/repository/org/beanshell/bsh/2.0b4/bsh-2.0b4.jar:/Users/baixf/.m2/repository/com/beust/jcommander/1.12/jcommander-1.12.jar:/Users/baixf/.m2/repository/org/yaml/snakeyaml/1.6/snakeyaml-1.6.jar:/Users/baixf/.m2/repository/com/google/inject/guice/3.0/guice-3.0.jar:/Users/baixf/.m2/repository/javax/inject/javax.inject/1/javax.inject-1.jar:/Users/baixf/.m2/repository/org/uncommons/reportng/1.1.4/reportng-1.1.4.jar:/Users/baixf/.m2/repository/velocity/velocity/1.4/velocity-1.4.jar:/Users/baixf/.m2/repository/velocity/velocity-dep/1.4/velocity-dep-1.4.jar:"/>
    <property name="java.specification.name" value="Java Platform API Specification"/>
    <property name="java.class.version" value="52.0"/>
    <property name="sun.management.compiler" value="HotSpot 64-Bit Tiered Compilers"/>
    <property name="os.version" value="10.12.3"/>
    <property name="http.nonProxyHosts" value="local„ÄÅ169.254/16|*.local„ÄÅ169.254/16"/>
    <property name="user.home" value="/Users/baixf"/>
    <property name="user.timezone" value="Asia/Shanghai"/>
    <property name="java.awt.printerjob" value="sun.lwawt.macosx.CPrinterJob"/>
    <property name="java.specification.version" value="1.8"/>
    <property name="file.encoding" value="UTF-8"/>
    <property name="user.name" value="baixf"/>
    <property name="java.class.path" value="/Volumes/HD2/server_code/ReportNG-example/config/target/test-classes:/Volumes/HD2/server_code/ReportNG-example/config/target/classes:/Users/baixf/.m2/repository/org/springframework/spring-test/4.1.6.RELEASE/spring-test-4.1.6.RELEASE.jar:/Users/baixf/.m2/repository/org/springframework/spring-core/4.1.6.RELEASE/spring-core-4.1.6.RELEASE.jar:/Users/baixf/.m2/repository/commons-logging/commons-logging/1.2/commons-logging-1.2.jar:/Users/baixf/.m2/repository/org/springframework/spring-web/4.1.6.RELEASE/spring-web-4.1.6.RELEASE.jar:/Users/baixf/.m2/repository/org/springframework/spring-beans/4.1.6.RELEASE/spring-beans-4.1.6.RELEASE.jar:/Users/baixf/.m2/repository/org/springframework/spring-context/4.1.6.RELEASE/spring-context-4.1.6.RELEASE.jar:/Users/baixf/.m2/repository/org/springframework/spring-aop/4.1.6.RELEASE/spring-aop-4.1.6.RELEASE.jar:/Users/baixf/.m2/repository/aopalliance/aopalliance/1.0/aopalliance-1.0.jar:/Users/baixf/.m2/repository/org/springframework/spring-aspects/4.1.6.RELEASE/spring-aspects-4.1.6.RELEASE.jar:/Users/baixf/.m2/repository/org/aspectj/aspectjweaver/1.8.5/aspectjweaver-1.8.5.jar:/Users/baixf/.m2/repository/org/springframework/spring-webmvc/4.1.6.RELEASE/spring-webmvc-4.1.6.RELEASE.jar:/Users/baixf/.m2/repository/org/springframework/spring-expression/4.1.6.RELEASE/spring-expression-4.1.6.RELEASE.jar:/Users/baixf/.m2/repository/org/springframework/spring-context-support/4.1.6.RELEASE/spring-context-support-4.1.6.RELEASE.jar:/Users/baixf/.m2/repository/org/springframework/spring-tx/4.1.6.RELEASE/spring-tx-4.1.6.RELEASE.jar:/Users/baixf/.m2/repository/org/springframework/spring-jdbc/4.1.6.RELEASE/spring-jdbc-4.1.6.RELEASE.jar:/Users/baixf/.m2/repository/junit/junit/4.12/junit-4.12.jar:/Users/baixf/.m2/repository/org/hamcrest/hamcrest-core/1.3/hamcrest-core-1.3.jar:/Users/baixf/.m2/repository/org/seleniumhq/selenium/selenium-java/2.37.1/selenium-java-2.37.1.jar:/Users/baixf/.m2/repository/org/seleniumhq/selenium/selenium-android-driver/2.37.1/selenium-android-driver-2.37.1.jar:/Users/baixf/.m2/repository/org/seleniumhq/selenium/selenium-remote-driver/2.37.1/selenium-remote-driver-2.37.1.jar:/Users/baixf/.m2/repository/cglib/cglib-nodep/2.1_3/cglib-nodep-2.1_3.jar:/Users/baixf/.m2/repository/org/json/json/20080701/json-20080701.jar:/Users/baixf/.m2/repository/com/google/guava/guava/15.0/guava-15.0.jar:/Users/baixf/.m2/repository/org/seleniumhq/selenium/selenium-chrome-driver/2.37.1/selenium-chrome-driver-2.37.1.jar:/Users/baixf/.m2/repository/org/seleniumhq/selenium/selenium-htmlunit-driver/2.37.1/selenium-htmlunit-driver-2.37.1.jar:/Users/baixf/.m2/repository/net/sourceforge/htmlunit/htmlunit/2.13/htmlunit-2.13.jar:/Users/baixf/.m2/repository/xalan/xalan/2.7.1/xalan-2.7.1.jar:/Users/baixf/.m2/repository/xalan/serializer/2.7.1/serializer-2.7.1.jar:/Users/baixf/.m2/repository/commons-collections/commons-collections/3.2.1/commons-collections-3.2.1.jar:/Users/baixf/.m2/repository/org/apache/commons/commons-lang3/3.1/commons-lang3-3.1.jar:/Users/baixf/.m2/repository/org/apache/httpcomponents/httpmime/4.3.1/httpmime-4.3.1.jar:/Users/baixf/.m2/repository/commons-codec/commons-codec/1.8/commons-codec-1.8.jar:/Users/baixf/.m2/repository/net/sourceforge/htmlunit/htmlunit-core-js/2.13/htmlunit-core-js-2.13.jar:/Users/baixf/.m2/repository/xerces/xercesImpl/2.11.0/xercesImpl-2.11.0.jar:/Users/baixf/.m2/repository/xml-apis/xml-apis/1.4.01/xml-apis-1.4.01.jar:/Users/baixf/.m2/repository/net/sourceforge/nekohtml/nekohtml/1.9.19/nekohtml-1.9.19.jar:/Users/baixf/.m2/repository/net/sourceforge/cssparser/cssparser/0.9.11/cssparser-0.9.11.jar:/Users/baixf/.m2/repository/org/w3c/css/sac/1.3/sac-1.3.jar:/Users/baixf/.m2/repository/org/eclipse/jetty/jetty-websocket/8.1.12.v20130726/jetty-websocket-8.1.12.v20130726.jar:/Users/baixf/.m2/repository/org/eclipse/jetty/jetty-util/8.1.12.v20130726/jetty-util-8.1.12.v20130726.jar:/Users/baixf/.m2/repository/org/eclipse/jetty/jetty-io/8.1.12.v20130726/jetty-io-8.1.12.v20130726.jar:/Users/baixf/.m2/repository/org/eclipse/jetty/jetty-http/8.1.12.v20130726/jetty-http-8.1.12.v20130726.jar:/Users/baixf/.m2/repository/org/apache/httpcomponents/httpclient/4.3/httpclient-4.3.jar:/Users/baixf/.m2/repository/org/apache/httpcomponents/httpcore/4.3/httpcore-4.3.jar:/Users/baixf/.m2/repository/org/seleniumhq/selenium/selenium-firefox-driver/2.37.1/selenium-firefox-driver-2.37.1.jar:/Users/baixf/.m2/repository/commons-io/commons-io/2.2/commons-io-2.2.jar:/Users/baixf/.m2/repository/org/apache/commons/commons-exec/1.1/commons-exec-1.1.jar:/Users/baixf/.m2/repository/org/seleniumhq/selenium/selenium-ie-driver/2.37.1/selenium-ie-driver-2.37.1.jar:/Users/baixf/.m2/repository/net/java/dev/jna/jna/3.4.0/jna-3.4.0.jar:/Users/baixf/.m2/repository/net/java/dev/jna/platform/3.4.0/platform-3.4.0.jar:/Users/baixf/.m2/repository/org/seleniumhq/selenium/selenium-iphone-driver/2.37.1/selenium-iphone-driver-2.37.1.jar:/Users/baixf/.m2/repository/org/seleniumhq/selenium/selenium-safari-driver/2.37.1/selenium-safari-driver-2.37.1.jar:/Users/baixf/.m2/repository/org/seleniumhq/selenium/selenium-support/2.37.1/selenium-support-2.37.1.jar:/Users/baixf/.m2/repository/org/seleniumhq/selenium/selenium-api/2.37.1/selenium-api-2.37.1.jar:/Users/baixf/.m2/repository/org/webbitserver/webbit/0.4.14/webbit-0.4.14.jar:/Users/baixf/.m2/repository/io/netty/netty/3.5.2.Final/netty-3.5.2.Final.jar:/Users/baixf/.m2/repository/org/testng/testng/6.3.1/testng-6.3.1.jar:/Users/baixf/.m2/repository/org/beanshell/bsh/2.0b4/bsh-2.0b4.jar:/Users/baixf/.m2/repository/com/beust/jcommander/1.12/jcommander-1.12.jar:/Users/baixf/.m2/repository/org/yaml/snakeyaml/1.6/snakeyaml-1.6.jar:/Users/baixf/.m2/repository/com/google/inject/guice/3.0/guice-3.0.jar:/Users/baixf/.m2/repository/javax/inject/javax.inject/1/javax.inject-1.jar:/Users/baixf/.m2/repository/org/uncommons/reportng/1.1.4/reportng-1.1.4.jar:/Users/baixf/.m2/repository/velocity/velocity/1.4/velocity-1.4.jar:/Users/baixf/.m2/repository/velocity/velocity-dep/1.4/velocity-dep-1.4.jar:"/>
    <property name="java.vm.specification.version" value="1.8"/>
    <property name="sun.arch.data.model" value="64"/>
    <property name="java.home" value="/Library/Java/JavaVirtualMachines/jdk1.8.0_102.jdk/Contents/Home/jre"/>
    <property name="sun.java.command" value="/var/folders/9t/9qtx22g15539zcv4cwptz2yh0000gn/T/surefirebooter3542177368331274916.jar /var/folders/9t/9qtx22g15539zcv4cwptz2yh0000gn/T/surefire9196956111852964177tmp /var/folders/9t/9qtx22g15539zcv4cwptz2yh0000gn/T/surefire2869051196349109234tmp"/>
    <property name="java.specification.vendor" value="Oracle Corporation"/>
    <property name="user.language" value="zh"/>
    <property name="awt.toolkit" value="sun.lwawt.macosx.LWCToolkit"/>
    <property name="java.vm.info" value="mixed mode"/>
    <property name="java.version" value="1.8.0_102"/>
    <property name="java.ext.dirs" value="/Users/baixf/Library/Java/Extensions:/Library/Java/JavaVirtualMachines/jdk1.8.0_102.jdk/Contents/Home/jre/lib/ext:/Library/Java/Extensions:/Network/Library/Java/Extensions:/System/Library/Java/Extensions:/usr/lib/java"/>
    <property name="sun.boot.class.path" value="/Library/Java/JavaVirtualMachines/jdk1.8.0_102.jdk/Contents/Home/jre/lib/resources.jar:/Library/Java/JavaVirtualMachines/jdk1.8.0_102.jdk/Contents/Home/jre/lib/rt.jar:/Library/Java/JavaVirtualMachines/jdk1.8.0_102.jdk/Contents/Home/jre/lib/sunrsasign.jar:/Library/Java/JavaVirtualMachines/jdk1.8.0_102.jdk/Contents/Home/jre/lib/jsse.jar:/Library/Java/JavaVirtualMachines/jdk1.8.0_102.jdk/Contents/Home/jre/lib/jce.jar:/Library/Java/JavaVirtualMachines/jdk1.8.0_102.jdk/Contents/Home/jre/lib/charsets.jar:/Library/Java/JavaVirtualMachines/jdk1.8.0_102.jdk/Contents/Home/jre/lib/jfr.jar:/Library/Java/JavaVirtualMachines/jdk1.8.0_102.jdk/Contents/Home/jre/classes"/>
    <property name="java.vendor" value="Oracle Corporation"/>
    <property name="localRepository" value="/Users/baixf/.m2/repository"/>
    <property name="file.separator" value="/"/>
    <property name="java.vendor.url.bug" value="http://bugreport.sun.com/bugreport/"/>
    <property name="sun.cpu.endian" value="little"/>
    <property name="sun.io.unicode.encoding" value="UnicodeBig"/>
    <property name="socksNonProxyHosts" value="local„ÄÅ169.254/16|*.local„ÄÅ169.254/16"/>
    <property name="ftp.nonProxyHosts" value="local„ÄÅ169.254/16|*.local„ÄÅ169.254/16"/>
    <property name="sun.cpu.isalist" value=""/>
  </properties>
  <testcase classname="com.vdrips.test.reportng.config.ConfigTest" name="注入" time="0.001"/>
</testsuite>